<?xml version="1.0" encoding="UTF-8" ?>
<testsuite errors="0" failures="0" hostname="BOC22DT-940181" name="gtunes.StoreControllerTests" tests="1" time="0.755" timestamp="2013-08-16T16:08:13">
  <properties />
  <testcase classname="gtunes.StoreControllerTests" name="testSomething" time="0.751" />
  <system-out><![CDATA[--Output from testSomething--
]]></system-out>
  <system-err><![CDATA[--Output from testSomething--
]]></system-err>
</testsuite>
