<?xml version="1.0" encoding="UTF-8" ?>
<testsuite errors="0" failures="1" hostname="BOC22DT-940181" name="com.gtunes.StoreTests" tests="1" time="0.3" timestamp="2013-08-16T16:08:12">
  <properties />
  <testcase classname="com.gtunes.StoreTests" name="testSomething" time="0.062">
    <failure message="junit.framework.AssertionFailedError: Implement me" type="junit.framework.AssertionFailedError">junit.framework.AssertionFailedError: junit.framework.AssertionFailedError: Implement me
	at com.gtunes.StoreTests.testSomething(StoreTests.groovy:15)
</failure>
  </testcase>
  <system-out><![CDATA[--Output from testSomething--
]]></system-out>
  <system-err><![CDATA[--Output from testSomething--
]]></system-err>
</testsuite>
